Arguments: 
  D:\Program Files\nodejs\node.exe C:\Users\Administrator\AppData\Roaming\npm\node_modules\yarn\bin\yarn.js install

PATH: 
  C:\windows\system32;C:\windows;C:\windows\System32\Wbem;C:\windows\System32\WindowsPowerShell\v1.0\;C:\windows\System32\OpenSSH\;D:\Program Files\Microsoft VS Code\bin;D:\Program Files\Git\cmd;D:\Program Files\nodejs\;C:\Users\Administrator\AppData\Local\Microsoft\WindowsApps;C:\Users\Administrator\AppData\Roaming\npm

Yarn version: 
  1.22.10

Node version: 
  14.16.1

Platform: 
  win32 x64

Trace: 
  Error: http://registry.npm.taobao.org/@szzj%2futils: Not found
      at Request.params.callback [as _callback] (C:\Users\Administrator\AppData\Roaming\npm\node_modules\yarn\lib\cli.js:66988:18)
      at Request.self.callback (C:\Users\Administrator\AppData\Roaming\npm\node_modules\yarn\lib\cli.js:140662:22)
      at Request.emit (events.js:315:20)
      at Request.<anonymous> (C:\Users\Administrator\AppData\Roaming\npm\node_modules\yarn\lib\cli.js:141634:10)
      at Request.emit (events.js:315:20)
      at IncomingMessage.<anonymous> (C:\Users\Administrator\AppData\Roaming\npm\node_modules\yarn\lib\cli.js:141556:12)
      at Object.onceWrapper (events.js:421:28)
      at IncomingMessage.emit (events.js:327:22)
      at endReadableNT (internal/streams/readable.js:1327:12)
      at processTicksAndRejections (internal/process/task_queues.js:80:21)

npm manifest: 
  {
    "name": "@szzj/hooks",
    "version": "0.6.14",
    "description": "",
    "main": "lib/index.js",
    "module": "es/index.esm.js",
    "authors": {
      "name": "xiufan",
      "email": "shengchao.qiushch@dtzhejiang.com"
    },
    "repository": "http://59.202.42.100/zt/g-ui/szzj-hooks.git",
    "scripts": {
      "dev": "dumi dev",
      "build": "father build",
      "test": "father test",
      "cov": "father test --coverage",
      "docs": "dumi dev",
      "site": "cross-env DOCS_ENV=prod dumi build",
      "pub": "cnpm run test & cnpm run build & npm publish",
      "deploy": "cnpm run site & gh-pages -d dist",
      "lint:es": "dumi eslint",
      "lint:style": "dumi stylelint",
      "lint:prettier": "dumi prettier",
      "lint": "dumi lint",
      "prettier": "dumi write"
    },
    "peerDependencies": {
      "react": "16.x"
    },
    "devDependencies": {
      "@szzj/umi-plugin-lint": "^1.0.7",
      "@testing-library/react": "^10.0.1",
      "@testing-library/react-hooks": "^3.2.1",
      "@types/jest": "^25.1.4",
      "@types/lodash": "^4.14.149",
      "@umijs/hooks": "^1.6.2",
      "antd": "^4.0.3",
      "axios": "^0.19.2",
      "babel-plugin-import": "^1.13.3",
      "cross-env": "^7.0.3",
      "dumi": "^1.0.10",
      "enzyme": "^3.11.0",
      "father": "~2.29.2",
      "typescript": "^3.3.3"
    },
    "license": "MIT",
    "dependencies": {
      "@szzj/utils": "^0.0.3",
      "async-validator": "^3.2.4",
      "immer": "^9.0.6",
      "lodash": "^4.17.15"
    },
    "sideEffects": false,
    "maintainers": [
      {
        "name": "shengchao.qiushch",
        "email": "shengchao.qiushch@dtzhejiang.com"
      },
      {
        "name": "liuliu.yull",
        "email": "liuliu.yull@dtzhejiang.com"
      },
      {
        "name": "xulongfei",
        "email": "xulongfei0460@dingtalk.com"
      }
    ]
  }

yarn manifest: 
  No manifest

Lockfile: 
  No lockfile
